<?xml version="1.0" encoding="UTF-8"?><testsuite errors="1" failures="0" name="Test" skipped="0" tests="1" time="1.53" timestamp="2022-02-28 04:47:34"><testcase name="Test1"><error type="java.lang.NullPointerException"/><system-err>null&#13;
org.apache.commons.lang3.SystemUtils.isJavaVersionAtLeast(SystemUtils.java:1654)&#13;
org.apache.commons.lang3.ClassUtils.isAssignable(ClassUtils.java:760)&#13;
co.com.choucair.certification.proyectobase.tasks.Abrir.performAs(Abrir.java:19)&#13;
co.com.choucair.certification.proyectobase.stepdefinitions.DemoStepDefinition.pasoi(DemoStepDefinition.java:19)&#13;
java.base/jdk.internal.reflect.NativeMethodAccessorImpl.invoke0(Native Method)&#13;
java.base/jdk.internal.reflect.NativeMethodAccessorImpl.invoke(NativeMethodAccessorImpl.java:62)&#13;
java.base/jdk.internal.reflect.DelegatingMethodAccessorImpl.invoke(DelegatingMethodAccessorImpl.java:43)&#13;
cucumber.runner.Runner.runPickle(Runner.java:80)&#13;
java.base/jdk.internal.reflect.NativeMethodAccessorImpl.invoke0(Native Method)&#13;
java.base/jdk.internal.reflect.NativeMethodAccessorImpl.invoke(NativeMethodAccessorImpl.java:62)&#13;
java.base/jdk.internal.reflect.DelegatingMethodAccessorImpl.invoke(DelegatingMethodAccessorImpl.java:43)&#13;
java.base/jdk.internal.reflect.NativeMethodAccessorImpl.invoke0(Native Method)&#13;
java.base/jdk.internal.reflect.NativeMethodAccessorImpl.invoke(NativeMethodAccessorImpl.java:62)&#13;
java.base/jdk.internal.reflect.DelegatingMethodAccessorImpl.invoke(DelegatingMethodAccessorImpl.java:43)&#13;
</system-err></testcase></testsuite>